Writing logfile....
Enabling the Default clock synchronization...
Finished writing logfile ./paraboloid.clog2.
Writing logfile....
Enabling the Default clock synchronization...
Finished writing logfile ./paraboloid.clog2.
Writing logfile....
Enabling the Default clock synchronization...
Finished writing logfile ./paraboloid.clog2.
Writing logfile....
Enabling the Default clock synchronization...
Finished writing logfile ./paraboloid.clog2.
Writing logfile....
Enabling the Default clock synchronization...
Finished writing logfile ./paraboloid.clog2.
Writing logfile....
Enabling the Default clock synchronization...
Finished writing logfile ./paraboloid.clog2.
Writing logfile....
Enabling the Default clock synchronization...
Finished writing logfile ./paraboloid.clog2.
Writing logfile....
Enabling the Default clock synchronization...
Finished writing logfile ./paraboloid.clog2.
Writing logfile....
Enabling the Default clock synchronization...
Finished writing logfile ./paraboloid.clog2.
Writing logfile....
Enabling the Default clock synchronization...
Finished writing logfile ./paraboloid.clog2.
Writing logfile....
Enabling the Default clock synchronization...
Finished writing logfile ./paraboloid.clog2.
=>> PBS: job killed: walltime 3609 exceeded limit 3600
/var/spool/torque/mom_priv/jobs/3294.node1.SC: line 48: 29419 Terminated              mpiexec -np 10 ./paraboloid < input
